<?xml version="1.0" encoding="UTF-8"?>
<testsuite xmlns:xsi="http://www.w3.org/2001/XMLSchema-instance" xsi:noNamespaceSchemaLocation="https://maven.apache.org/surefire/maven-surefire-plugin/xsd/surefire-test-report-3.0.xsd" version="3.0" name="Base Functionality For Import Wizard Mapping" time="268.355" tests="1" errors="0" skipped="0" failures="0">
  <properties>
[...]
</properties>
  <testcase name="Mapping imported columns to Tool Name format" classname="Base Functionality For Import Wizard Mapping" time="268.355">
    <system-out><![CDATA[┌───────────────────────────────────────────────────────────────────────────────────┐
│ Share your Cucumber Report with your team at https://reports.cucumber.io          │
│ Activate publishing with one of the following:                                    │
│                                                                                   │
│ src/test/resources/cucumber.properties:          cucumber.publish.enabled=true    │
│ src/test/resources/junit-platform.properties:    cucumber.publish.enabled=true    │
│ Environment variable:                            CUCUMBER_PUBLISH_ENABLED=true    │
│ JUnit:                                           @CucumberOptions(publish = true) │
│                                                                                   │
│ More information at https://cucumber.io/docs/cucumber/environment-variables/      │
│                                                                                   │
│ Disable this message with one of the following:                                   │
│                                                                                   │
│ src/test/resources/cucumber.properties:          cucumber.publish.quiet=true      │
│ src/test/resources/junit-platform.properties:    cucumber.publish.quiet=true      │
└───────────────────────────────────────────────────────────────────────────────────┘


@btest @positive @sanity
Scenario: Mapping imported columns to Tool Name format # src/test/resources/features/ImplementaionMgmt/ImportWizerdMapImported.feature:5
 
Current Operating System: WINDOWS 11
Current Architecture: AMD64
Current Application Environment: stg
Browser Selected: chrome
Headless Mode: false
Connected to Selenium Grid: false
 
Cookies deleted
Dimensions of viewport is  (1382, 736)
Leaving getWebDriver and driver is currently null? ChromeDriver: chrome on WINDOWS (176fe7235d51f0171f7c051d90e62276)
Thread ID - 16 vdr_ssayeem@parata.com IM
Running internal login steps
Proxy element for: DefaultElementLocator 'By.cssSelector: mat-card-actions > button' clicked
Main Login Button Clicked
Proxy element for: DefaultElementLocator 'By.id: btn-login' clicked
[[ChromeDriver: chrome on WINDOWS (176fe7235d51f0171f7c051d90e62276)] -> id: idSIButton9] submitted
Proxy element for: DefaultElementLocator 'By.id: idSIButton9' submitted
https://frontend.stg.tacodevdomain.com/customer-management
No warning
  Given user logged in TacoUI with "IM" credentials    # com.parata.steps.LoginPageSteps.userLoggedInTacoUIWithCredentials(java.lang.String)
[[ChromeDriver: chrome on WINDOWS (176fe7235d51f0171f7c051d90e62276)] -> xpath: //*[@id="D-MnuImTool"]/a] clicked
  When user clicks ImplementaionMgmt icon              # com.parata.steps.ImplementationMPageSteps.implementaionMgmtClicked()
https://frontend.stg.tacodevdomain.com/im-tool
  Then user will land "im-tool" page                   # com.parata.steps.ImplementationMPageSteps.userWillLandPage(java.lang.String)
[[ChromeDriver: chrome on WINDOWS (176fe7235d51f0171f7c051d90e62276)] -> xpath: //*[@id="mat-select-0"]] clicked
  Then user clicks Project Status dropdown             # com.parata.steps.ImplementationMPageSteps.userClicksAllRolesDropdown()
NotProcessed
InProcess
Exported
Imported
DuplicateNDC
All
6
[[ChromeDriver: chrome on WINDOWS (176fe7235d51f0171f7c051d90e62276)] -> xpath: //*[@id="mat-option-5"]/span] clicked
  Then select 'NotProcessed' project status            # com.parata.steps.ImplementationMPageSteps.selectRole(java.lang.String)
[[ChromeDriver: chrome on WINDOWS (176fe7235d51f0171f7c051d90e62276)] -> xpath: //*[@id="add_site"]] clicked
  Then user click import button                        # com.parata.steps.ImportWizerdMapImportedSteps.clickImportButton()
  Then user click browse button                        # com.parata.steps.ImportWizerdMapImportedSteps.clickBrowseButton()
Proxy element for: DefaultElementLocator 'By.xpath: /html/body/div[3]/div[2]/div/mat-dialog-container/app-import-wizard-one/div/div/div/div[2]/button' clicked
  Then user click update button                        # com.parata.steps.ImportWizerdMapImportedSteps.clickUploadButton()
[[ChromeDriver: chrome on WINDOWS (176fe7235d51f0171f7c051d90e62276)] -> xpath: //*[@id="mat-select-6"]] clicked
  Then user clicks Production Drug dropdown            # com.parata.steps.ImportWizerdMapImportedSteps.userClicksDrugMapDropdown1()
Rank
Product Name
NDC11
Rx Count
Quantity Dispensed
5
[[ChromeDriver: chrome on WINDOWS (176fe7235d51f0171f7c051d90e62276)] -> xpath: //*[@id="mat-option-12"]] clicked
  Then select 'Product Name' from drug dropdown        # com.parata.steps.ImportWizerdMapImportedSteps.selectDrugProducName(java.lang.String)
[[ChromeDriver: chrome on WINDOWS (176fe7235d51f0171f7c051d90e62276)] -> xpath: //*[@id="mat-select-8"]] clicked
  Then user clicks NDC from Drug dropdown              # com.parata.steps.ImportWizerdMapImportedSteps.userClicksDrugMapDropdown2()
Rank
Product Name
NDC11
Rx Count
Quantity Dispensed
5
[[ChromeDriver: chrome on WINDOWS (176fe7235d51f0171f7c051d90e62276)] -> xpath: //*[@id="mat-option-18"]] clicked
  Then select 'NDC11' NDC from drug dropdown           # com.parata.steps.ImportWizerdMapImportedSteps.selectDrugNdcName(java.lang.String)
[[ChromeDriver: chrome on WINDOWS (176fe7235d51f0171f7c051d90e62276)] -> xpath: //*[@id="mat-select-10"]] clicked
  Then user clicks Rx from drug dropdown               # com.parata.steps.ImportWizerdMapImportedSteps.userClicksDrugMapDropdown3()
Rank
Product Name
NDC11
Rx Count
Quantity Dispensed
5
[[ChromeDriver: chrome on WINDOWS (176fe7235d51f0171f7c051d90e62276)] -> xpath: //*[@id="mat-option-24"]] clicked
  Then select 'Rx Count' Rx from drug dropdown         # com.parata.steps.ImportWizerdMapImportedSteps.selectDrugRxName(java.lang.String)
[[ChromeDriver: chrome on WINDOWS (176fe7235d51f0171f7c051d90e62276)] -> xpath: /html/body/div[3]/div[2]/div/mat-dialog-container/app-import-wizard-one/div/form/mat-dialog-actions/button[2]] clicked
  Then user click next button                          # com.parata.steps.ImportWizerdMapImportedSteps.userClicksNextButton()
[[ChromeDriver: chrome on WINDOWS (176fe7235d51f0171f7c051d90e62276)] -> xpath: //*[@id="mat-select-16"]] clicked
  Then user should select device type dropdown         # com.parata.steps.ImportWizerdMapImportedSteps.userShouldSelectDeviceType()
Max 2 110/44/2=156
Max 2 132/33/2=167
Max 2 154/22/2=178
Max 2 110/44/2=156
Max 2 132/33/2=167
Max 2 154/22/2=178
Max 2(Full Only) 176/11/2=189
Max 2(Full Only)Full Standard 198/0/2=200
128 Std Locking & 36 Locking Super Cells
110 Std Locking & 45 Locking Super Cells
22 Std & 88 Super Cells
11
[[ChromeDriver: chrome on WINDOWS (176fe7235d51f0171f7c051d90e62276)] -> xpath: /html/body/div[3]/div[4]/div/div/div/div[2]/div/mat-option[1]] clicked
  Then select "Max 2 110/44/2=156" device option       # com.parata.steps.ImportWizerdMapImportedSteps.selectDeviceOption1(java.lang.String)
[[ChromeDriver: chrome on WINDOWS (176fe7235d51f0171f7c051d90e62276)] -> id: mat-radio-2] clicked
  Then user select standard radio button               # com.parata.steps.ImportWizerdMapImportedSteps.userSelectStandardRadioButton()
[[ChromeDriver: chrome on WINDOWS (176fe7235d51f0171f7c051d90e62276)] -> xpath: //*[@id="mat-checkbox-1"]/label/span[1]] clicked
  Then user checked exclude drug button                # com.parata.steps.ImportWizerdMapImportedSteps.userCheckdExcludeDrugButton()
[[ChromeDriver: chrome on WINDOWS (176fe7235d51f0171f7c051d90e62276)] -> xpath: //*[@id="mat-checkbox-2"]/label/span[1]] clicked
  Then user checked exclude schedule button            # com.parata.steps.ImportWizerdMapImportedSteps.userCheckdExcludeScheduleButton()
[[ChromeDriver: chrome on WINDOWS (176fe7235d51f0171f7c051d90e62276)] -> xpath: //*[@id="mat-checkbox-3"]/label/span[1]] clicked
  Then user checked exclude unit of usage button       # com.parata.steps.ImportWizerdMapImportedSteps.userCheckdchkExcludeUnitOfUsageButton()
[[ChromeDriver: chrome on WINDOWS (176fe7235d51f0171f7c051d90e62276)] -> xpath: //*[@id="mat-checkbox-4"]/label/span[1]] clicked
  Then user checked exclude schedule button1           # com.parata.steps.ImportWizerdMapImportedSteps.userCheckdExcludeScheduleButton1()
[[ChromeDriver: chrome on WINDOWS (176fe7235d51f0171f7c051d90e62276)] -> xpath: //*[@id="mat-radio-5"]/label/span[1]] clicked
  Then user select unit of age radio button            # com.parata.steps.ImportWizerdMapImportedSteps.userSelectUnitOfAgeRadioButton()
In teardown, just closed driver for scenario Mapping imported columns to Tool Name format
]]></system-out>
    <system-err><![CDATA[SLF4J: Failed to load class "org.slf4j.impl.StaticLoggerBinder".
SLF4J: Defaulting to no-operation (NOP) logger implementation
SLF4J: See http://www.slf4j.org/codes.html#StaticLoggerBinder for further details.
Starting ChromeDriver 104.0.5112.79 (3cf3e8c8a07d104b9e1260c910efb8f383285dc5-refs/branch-heads/5112@{#1307}) on port 30730
Only local connections are allowed.
Please see https://chromedriver.chromium.org/security-considerations for suggestions on keeping ChromeDriver safe.
ChromeDriver was started successfully.
Aug 10, 2022 6:47:02 PM org.openqa.selenium.remote.ProtocolHandshake createSession
INFO: Detected dialect: W3C
]]></system-err>
  </testcase>
</testsuite>